0 info it worked if it ends with ok
1 verbose cli [ 'node',
1 verbose cli   '/usr/local/bin/npm',
1 verbose cli   'install',
1 verbose cli   'grunt-contrib-compass',
1 verbose cli   '--save-dev' ]
2 info using npm@1.2.18
3 info using node@v0.10.5
4 verbose node symlink /usr/local/bin/node
5 verbose read json /Users/lks/Documents/Code/Javascript/PhasematchJS/package.json
6 warn package.json phasematchjs@0.0.1a No README.md file found!
7 verbose read json /Users/lks/Documents/Code/Javascript/PhasematchJS/node_modules/grunt/package.json
8 verbose read json /Users/lks/Documents/Code/Javascript/PhasematchJS/node_modules/grunt-bg-shell/package.json
9 verbose read json /Users/lks/Documents/Code/Javascript/PhasematchJS/node_modules/grunt-contrib-clean/package.json
10 verbose read json /Users/lks/Documents/Code/Javascript/PhasematchJS/node_modules/grunt-contrib-compass/package.json
11 verbose read json /Users/lks/Documents/Code/Javascript/PhasematchJS/node_modules/grunt-contrib-concat/package.json
12 verbose read json /Users/lks/Documents/Code/Javascript/PhasematchJS/node_modules/grunt-contrib-copy/package.json
13 verbose read json /Users/lks/Documents/Code/Javascript/PhasematchJS/node_modules/grunt-contrib-jasmine/package.json
14 verbose read json /Users/lks/Documents/Code/Javascript/PhasematchJS/node_modules/grunt-contrib-jshint/package.json
15 verbose read json /Users/lks/Documents/Code/Javascript/PhasematchJS/node_modules/grunt-contrib-requirejs/package.json
16 verbose read json /Users/lks/Documents/Code/Javascript/PhasematchJS/node_modules/grunt-contrib-uglify/package.json
17 verbose read json /Users/lks/Documents/Code/Javascript/PhasematchJS/node_modules/grunt-contrib-watch/package.json
18 verbose read json /Users/lks/Documents/Code/Javascript/PhasematchJS/node_modules/grunt-lodash/package.json
19 verbose read json /Users/lks/Documents/Code/Javascript/PhasematchJS/node_modules/grunt-lodashbuilder/package.json
20 verbose read json /Users/lks/Documents/Code/Javascript/PhasematchJS/node_modules/http-server/package.json
21 verbose read json /Users/lks/Documents/Code/Javascript/PhasematchJS/node_modules/lodash-cli/package.json
22 verbose from cache /Users/lks/Documents/Code/Javascript/PhasematchJS/package.json
23 verbose readDependencies using package.json deps
24 verbose cache add [ 'grunt-contrib-compass', null ]
25 verbose cache add name=undefined spec="grunt-contrib-compass" args=["grunt-contrib-compass",null]
26 verbose parsed url { protocol: null,
26 verbose parsed url   slashes: null,
26 verbose parsed url   auth: null,
26 verbose parsed url   host: null,
26 verbose parsed url   port: null,
26 verbose parsed url   hostname: null,
26 verbose parsed url   hash: null,
26 verbose parsed url   search: null,
26 verbose parsed url   query: null,
26 verbose parsed url   pathname: 'grunt-contrib-compass',
26 verbose parsed url   path: 'grunt-contrib-compass',
26 verbose parsed url   href: 'grunt-contrib-compass' }
27 silly lockFile 6a816d73-grunt-contrib-compass grunt-contrib-compass
28 verbose lock grunt-contrib-compass /Users/lks/.npm/6a816d73-grunt-contrib-compass.lock
29 silly lockFile 6a816d73-grunt-contrib-compass grunt-contrib-compass
30 silly lockFile 6a816d73-grunt-contrib-compass grunt-contrib-compass
31 verbose addNamed [ 'grunt-contrib-compass', '' ]
32 verbose addNamed [ null, '' ]
33 silly lockFile 9d4b61e1-grunt-contrib-compass grunt-contrib-compass@
34 verbose lock grunt-contrib-compass@ /Users/lks/.npm/9d4b61e1-grunt-contrib-compass.lock
35 silly addNameRange { name: 'grunt-contrib-compass', range: '', hasData: false }
36 verbose url raw grunt-contrib-compass
37 verbose url resolving [ 'https://registry.npmjs.org/', './grunt-contrib-compass' ]
38 verbose url resolved https://registry.npmjs.org/grunt-contrib-compass
39 info trying registry request attempt 1 at 11:34:58
40 verbose etag "8B9DTUN2YEXFXQZMRFSBLOLKJ"
41 http GET https://registry.npmjs.org/grunt-contrib-compass
42 http 200 https://registry.npmjs.org/grunt-contrib-compass
43 silly registry.get cb [ 200,
43 silly registry.get   { date: 'Tue, 30 Dec 2014 18:34:59 GMT',
43 silly registry.get     server: 'CouchDB/1.5.0 (Erlang OTP/R16B03)',
43 silly registry.get     etag: '"2K61BYMEBZLNEP2TTMDWUI9RL"',
43 silly registry.get     'content-type': 'application/json',
43 silly registry.get     'cache-control': 'max-age=60',
43 silly registry.get     'content-length': '46602',
43 silly registry.get     'accept-ranges': 'bytes',
43 silly registry.get     via: '1.1 varnish',
43 silly registry.get     age: '26',
43 silly registry.get     'x-served-by': 'cache-atl6222-ATL',
43 silly registry.get     'x-cache': 'HIT',
43 silly registry.get     'x-cache-hits': '1',
43 silly registry.get     'x-timer': 'S1419964499.168783,VS0,VE1',
43 silly registry.get     vary: 'Accept',
43 silly registry.get     'keep-alive': 'timeout=10, max=50',
43 silly registry.get     connection: 'Keep-Alive' } ]
44 silly addNameRange number 2 { name: 'grunt-contrib-compass', range: '', hasData: true }
45 silly addNameRange versions [ 'grunt-contrib-compass',
45 silly addNameRange   [ '0.1.0',
45 silly addNameRange     '0.1.1',
45 silly addNameRange     '0.1.2',
45 silly addNameRange     '0.1.3',
45 silly addNameRange     '0.2.0',
45 silly addNameRange     '0.3.0',
45 silly addNameRange     '0.4.0',
45 silly addNameRange     '0.4.1',
45 silly addNameRange     '0.5.0',
45 silly addNameRange     '0.6.0',
45 silly addNameRange     '0.7.0',
45 silly addNameRange     '0.1.1-rc7',
45 silly addNameRange     '0.1.1-rc8',
45 silly addNameRange     '0.7.1',
45 silly addNameRange     '0.7.2',
45 silly addNameRange     '0.8.0',
45 silly addNameRange     '0.9.0',
45 silly addNameRange     '0.9.1',
45 silly addNameRange     '1.0.0',
45 silly addNameRange     '1.0.1' ] ]
46 verbose addNamed [ 'grunt-contrib-compass', '1.0.1' ]
47 verbose addNamed [ '1.0.1', '1.0.1' ]
48 silly lockFile bc13c7dc-grunt-contrib-compass-1-0-1 grunt-contrib-compass@1.0.1
49 verbose lock grunt-contrib-compass@1.0.1 /Users/lks/.npm/bc13c7dc-grunt-contrib-compass-1-0-1.lock
50 silly lockFile a0bdebd4--grunt-contrib-compass-1-0-1-tgz https://registry.npmjs.org/grunt-contrib-compass/-/grunt-contrib-compass-1.0.1.tgz
51 verbose lock https://registry.npmjs.org/grunt-contrib-compass/-/grunt-contrib-compass-1.0.1.tgz /Users/lks/.npm/a0bdebd4--grunt-contrib-compass-1-0-1-tgz.lock
52 verbose addRemoteTarball [ 'https://registry.npmjs.org/grunt-contrib-compass/-/grunt-contrib-compass-1.0.1.tgz',
52 verbose addRemoteTarball   '8eb5dd93921aa4257a45064bbabe5745abfcae73' ]
53 info retry fetch attempt 1 at 11:34:59
54 verbose fetch to= /var/folders/8l/ry_dfqk936190vhjmt4jr87w001ffl/T/npm-84487/1419964499573-0.03732934780418873/tmp.tgz
55 http GET https://registry.npmjs.org/grunt-contrib-compass/-/grunt-contrib-compass-1.0.1.tgz
56 http 200 https://registry.npmjs.org/grunt-contrib-compass/-/grunt-contrib-compass-1.0.1.tgz
57 silly shasum updated bytes 7691
58 info shasum 8eb5dd93921aa4257a45064bbabe5745abfcae73
58 info shasum /var/folders/8l/ry_dfqk936190vhjmt4jr87w001ffl/T/npm-84487/1419964499573-0.03732934780418873/tmp.tgz
59 verbose tar unpack /var/folders/8l/ry_dfqk936190vhjmt4jr87w001ffl/T/npm-84487/1419964499573-0.03732934780418873/tmp.tgz
60 silly lockFile 423de396-9573-0-03732934780418873-package /var/folders/8l/ry_dfqk936190vhjmt4jr87w001ffl/T/npm-84487/1419964499573-0.03732934780418873/package
61 verbose lock /var/folders/8l/ry_dfqk936190vhjmt4jr87w001ffl/T/npm-84487/1419964499573-0.03732934780418873/package /Users/lks/.npm/423de396-9573-0-03732934780418873-package.lock
62 silly lockFile ba860905-9573-0-03732934780418873-tmp-tgz /var/folders/8l/ry_dfqk936190vhjmt4jr87w001ffl/T/npm-84487/1419964499573-0.03732934780418873/tmp.tgz
63 verbose lock /var/folders/8l/ry_dfqk936190vhjmt4jr87w001ffl/T/npm-84487/1419964499573-0.03732934780418873/tmp.tgz /Users/lks/.npm/ba860905-9573-0-03732934780418873-tmp-tgz.lock
64 silly gunzTarPerm modes [ '755', '644' ]
65 silly gunzTarPerm extractEntry package.json
66 silly gunzTarPerm extractEntry README.md
67 silly gunzTarPerm extractEntry LICENSE-MIT
68 silly gunzTarPerm extractEntry tasks/compass.js
69 silly gunzTarPerm extractEntry tasks/lib/compass.js
70 verbose read json /var/folders/8l/ry_dfqk936190vhjmt4jr87w001ffl/T/npm-84487/1419964499573-0.03732934780418873/package/package.json
71 silly lockFile 423de396-9573-0-03732934780418873-package /var/folders/8l/ry_dfqk936190vhjmt4jr87w001ffl/T/npm-84487/1419964499573-0.03732934780418873/package
72 silly lockFile 423de396-9573-0-03732934780418873-package /var/folders/8l/ry_dfqk936190vhjmt4jr87w001ffl/T/npm-84487/1419964499573-0.03732934780418873/package
73 silly lockFile ba860905-9573-0-03732934780418873-tmp-tgz /var/folders/8l/ry_dfqk936190vhjmt4jr87w001ffl/T/npm-84487/1419964499573-0.03732934780418873/tmp.tgz
74 silly lockFile ba860905-9573-0-03732934780418873-tmp-tgz /var/folders/8l/ry_dfqk936190vhjmt4jr87w001ffl/T/npm-84487/1419964499573-0.03732934780418873/tmp.tgz
75 verbose from cache /var/folders/8l/ry_dfqk936190vhjmt4jr87w001ffl/T/npm-84487/1419964499573-0.03732934780418873/package/package.json
76 verbose tar pack [ '/Users/lks/.npm/grunt-contrib-compass/1.0.1/package.tgz',
76 verbose tar pack   '/var/folders/8l/ry_dfqk936190vhjmt4jr87w001ffl/T/npm-84487/1419964499573-0.03732934780418873/package' ]
77 verbose tarball /Users/lks/.npm/grunt-contrib-compass/1.0.1/package.tgz
78 verbose folder /var/folders/8l/ry_dfqk936190vhjmt4jr87w001ffl/T/npm-84487/1419964499573-0.03732934780418873/package
79 silly lockFile 423de396-9573-0-03732934780418873-package /var/folders/8l/ry_dfqk936190vhjmt4jr87w001ffl/T/npm-84487/1419964499573-0.03732934780418873/package
80 verbose lock /var/folders/8l/ry_dfqk936190vhjmt4jr87w001ffl/T/npm-84487/1419964499573-0.03732934780418873/package /Users/lks/.npm/423de396-9573-0-03732934780418873-package.lock
81 silly lockFile fdd91195-ontrib-compass-1-0-1-package-tgz /Users/lks/.npm/grunt-contrib-compass/1.0.1/package.tgz
82 verbose lock /Users/lks/.npm/grunt-contrib-compass/1.0.1/package.tgz /Users/lks/.npm/fdd91195-ontrib-compass-1-0-1-package-tgz.lock
83 silly lockFile 423de396-9573-0-03732934780418873-package /var/folders/8l/ry_dfqk936190vhjmt4jr87w001ffl/T/npm-84487/1419964499573-0.03732934780418873/package
84 silly lockFile 423de396-9573-0-03732934780418873-package /var/folders/8l/ry_dfqk936190vhjmt4jr87w001ffl/T/npm-84487/1419964499573-0.03732934780418873/package
85 silly lockFile fdd91195-ontrib-compass-1-0-1-package-tgz /Users/lks/.npm/grunt-contrib-compass/1.0.1/package.tgz
86 silly lockFile fdd91195-ontrib-compass-1-0-1-package-tgz /Users/lks/.npm/grunt-contrib-compass/1.0.1/package.tgz
87 silly lockFile 82322c66-nt-contrib-compass-1-0-1-package /Users/lks/.npm/grunt-contrib-compass/1.0.1/package
88 verbose lock /Users/lks/.npm/grunt-contrib-compass/1.0.1/package /Users/lks/.npm/82322c66-nt-contrib-compass-1-0-1-package.lock
89 silly lockFile 82322c66-nt-contrib-compass-1-0-1-package /Users/lks/.npm/grunt-contrib-compass/1.0.1/package
90 silly lockFile 82322c66-nt-contrib-compass-1-0-1-package /Users/lks/.npm/grunt-contrib-compass/1.0.1/package
91 verbose tar unpack /Users/lks/.npm/grunt-contrib-compass/1.0.1/package.tgz
92 silly lockFile 82322c66-nt-contrib-compass-1-0-1-package /Users/lks/.npm/grunt-contrib-compass/1.0.1/package
93 verbose lock /Users/lks/.npm/grunt-contrib-compass/1.0.1/package /Users/lks/.npm/82322c66-nt-contrib-compass-1-0-1-package.lock
94 silly lockFile fdd91195-ontrib-compass-1-0-1-package-tgz /Users/lks/.npm/grunt-contrib-compass/1.0.1/package.tgz
95 verbose lock /Users/lks/.npm/grunt-contrib-compass/1.0.1/package.tgz /Users/lks/.npm/fdd91195-ontrib-compass-1-0-1-package-tgz.lock
96 silly gunzTarPerm modes [ '755', '644' ]
97 silly gunzTarPerm extractEntry package.json
98 silly gunzTarPerm extractEntry README.md
99 silly gunzTarPerm extractEntry LICENSE-MIT
100 silly gunzTarPerm extractEntry tasks/compass.js
101 silly gunzTarPerm extractEntry tasks/lib/compass.js
102 verbose read json /Users/lks/.npm/grunt-contrib-compass/1.0.1/package/package.json
103 silly lockFile 82322c66-nt-contrib-compass-1-0-1-package /Users/lks/.npm/grunt-contrib-compass/1.0.1/package
104 silly lockFile 82322c66-nt-contrib-compass-1-0-1-package /Users/lks/.npm/grunt-contrib-compass/1.0.1/package
105 silly lockFile fdd91195-ontrib-compass-1-0-1-package-tgz /Users/lks/.npm/grunt-contrib-compass/1.0.1/package.tgz
106 silly lockFile fdd91195-ontrib-compass-1-0-1-package-tgz /Users/lks/.npm/grunt-contrib-compass/1.0.1/package.tgz
107 silly shasum updated bytes 7690
108 info shasum d3429cdb6ff6fc6eac0f36f1ca14c2549da0f034
108 info shasum /Users/lks/.npm/grunt-contrib-compass/1.0.1/package.tgz
109 verbose from cache /Users/lks/.npm/grunt-contrib-compass/1.0.1/package/package.json
110 verbose chmod /Users/lks/.npm/grunt-contrib-compass/1.0.1/package.tgz 644
111 verbose chown /Users/lks/.npm/grunt-contrib-compass/1.0.1/package.tgz [ 47571, 1232608924 ]
112 silly lockFile a0bdebd4--grunt-contrib-compass-1-0-1-tgz https://registry.npmjs.org/grunt-contrib-compass/-/grunt-contrib-compass-1.0.1.tgz
113 silly lockFile a0bdebd4--grunt-contrib-compass-1-0-1-tgz https://registry.npmjs.org/grunt-contrib-compass/-/grunt-contrib-compass-1.0.1.tgz
114 silly lockFile bc13c7dc-grunt-contrib-compass-1-0-1 grunt-contrib-compass@1.0.1
115 silly lockFile bc13c7dc-grunt-contrib-compass-1-0-1 grunt-contrib-compass@1.0.1
116 silly lockFile 9d4b61e1-grunt-contrib-compass grunt-contrib-compass@
117 silly lockFile 9d4b61e1-grunt-contrib-compass grunt-contrib-compass@
118 silly resolved [ { name: 'grunt-contrib-compass',
118 silly resolved     description: 'Compile Sass to CSS using Compass',
118 silly resolved     version: '1.0.1',
118 silly resolved     author: { name: 'Grunt Team', url: 'http://gruntjs.com/' },
118 silly resolved     repository: { type: 'git', url: 'gruntjs/grunt-contrib-compass' },
118 silly resolved     licenses: [ [Object] ],
118 silly resolved     engines: { node: '>=0.10.0' },
118 silly resolved     scripts: { test: 'grunt test' },
118 silly resolved     dependencies:
118 silly resolved      { async: '^0.9.0',
118 silly resolved        'bin-version-check': '^1.0.0',
118 silly resolved        dargs: '^2.0.3',
118 silly resolved        tmp: '0.0.24' },
118 silly resolved     devDependencies:
118 silly resolved      { grunt: '^0.4.5',
118 silly resolved        'grunt-contrib-clean': '^0.6.0',
118 silly resolved        'grunt-contrib-internal': '^0.4.10',
118 silly resolved        'grunt-contrib-jshint': '^0.10.0',
118 silly resolved        'grunt-contrib-nodeunit': '^0.4.1' },
118 silly resolved     peerDependencies: { grunt: '>=0.4.0' },
118 silly resolved     keywords:
118 silly resolved      [ 'gruntplugin',
118 silly resolved        'compass',
118 silly resolved        'scss',
118 silly resolved        'sass',
118 silly resolved        'css',
118 silly resolved        'compile',
118 silly resolved        'preprocessor',
118 silly resolved        'style' ],
118 silly resolved     files: [ 'tasks', 'LICENSE-MIT' ],
118 silly resolved     readme: '# grunt-contrib-compass v1.0.1 [![Build Status: Linux](https://travis-ci.org/gruntjs/grunt-contrib-compass.png?branch=master)](https://travis-ci.org/gruntjs/grunt-contrib-compass)\n\n> Compile Sass to CSS using Compass\n\n\n\n## Getting Started\nThis plugin requires Grunt `>=0.4.0`\n\nIf you haven\'t used [Grunt](http://gruntjs.com/) before, be sure to check out the [Getting Started](http://gruntjs.com/getting-started) guide, as it explains how to create a [Gruntfile](http://gruntjs.com/sample-gruntfile) as well as install and use Grunt plugins. Once you\'re familiar with that process, you may install this plugin with this command:\n\n```shell\nnpm install grunt-contrib-compass --save-dev\n```\n\nOnce the plugin has been installed, it may be enabled inside your Gruntfile with this line of JavaScript:\n\n```js\ngrunt.loadNpmTasks(\'grunt-contrib-compass\');\n```\n\n\n\n\n## Compass task\n_Run this task with the `grunt compass` command._\n\n[Compass](http://compass-style.org/) is an open-source authoring framework for the [Sass](http://sass-lang.com/) css preprocessor. It helps you build stylesheets faster with a huge library of Sass mixins and functions, advanced tools for spriting, and workflow improvements including file based Sass configuration and a simple pattern for building and using Compass extensions.\n\nThis task requires you to have [Ruby](http://www.ruby-lang.org/en/downloads/), [Sass](http://sass-lang.com/tutorial.html), and [Compass](http://compass-style.org/install/) >=0.12.2 installed. If you\'re on OS X or Linux you probably already have Ruby installed; test with `ruby -v` in your terminal. When you\'ve confirmed you have Ruby installed, run `gem update --system && gem install compass` to install Compass and Sass.\n\nCompass operates on a folder level. Because of this you don\'t specify any src/dest, but instead define the `sassDir` and `cssDir` options.\n\n### Options\n\nCompass doesn\'t expose all of its [options][config] through the CLI, which this task makes use of. If you need an option not mentioned below you can either specify a path to a config.rb file in the `config` option or embed it directly into the `raw` option. Options defined in your Gruntfile will override those specified in your config.rb or `raw` property. `config` and `raw` are mutually exclusive.\n\n#### config\n\nType: `String`  \nDefault: same path as your Gruntfile\n\nSpecify the location of the Compass [configuration file][config] explicitly.\n\n#### raw\n\nType: `String`\n\nString form of the Compass [configuration file][config].\n\n#### basePath\n\nType: `String`\n\nThe path Compass will run from. Defaults to the same path as your Gruntfile.\n\n#### banner\n\nType: `String`\n\nPrepend the specified string to the output file. Useful for licensing\ninformation. **Note:** This only works in combination with the `specify` option\nand can conflict with sourcemap generation.\n\n#### app\n\nType: `String`  \nDefault: `stand_alone`\n\nTell compass what kind of application it is integrating with. Can be `stand_alone` or `rails`.\n\n#### sassDir\n\nType: `String`\n\nThe source directory where you keep your Sass stylesheets.\n\n#### cssDir\n\nType: `String`\n\nThe target directory where you keep your CSS stylesheets.\n\n#### specify\n\nType: `String|Array`\n\nLets you specify which files you want to compile. Useful if you don\'t want to compile the whole folder. Globbing supported. Ignores filenames starting with underscore. \n\n#### imagesDir\n\nType: `String`\n\nThe directory where you keep your images.\n\n#### javascriptsDir\n\nType: `String`\n\nThe directory where you keep your JavaScript files.\n\n#### fontsDir\n\nType: `String`\n\nThe directory where you keep your fonts.\n\n#### environment\n\nType: `String`  \nDefault: `development`\n\nUse sensible defaults for your current environment. Can be: `development` or `production`\n\n#### outputStyle\n\nType: `String`\n\nCSS output mode. Can be: `nested`, `expanded`, `compact`, `compressed`.\n\n#### relativeAssets\n\nType: `Boolean`\n\nMake Compass asset helpers generate relative urls to assets.\n\n#### noLineComments\n\nType: `Boolean`\n\nDisable line comments.\n\n#### httpPath\n\nType: `String`  \nDefault: `/`\n\nThe path to the project when running within the web server.\n\n#### cssPath\n\nType: `String`\n\nThe directory where the css stylesheets are kept. It is relative to the `projectPath`. Defaults to "stylesheets".\n\n#### httpStylesheetsPath\n\nType: `String`  \nDefault: `httpPath + "/" + cssDir`\n\nThe full http path to stylesheets on the web server.\n\n#### sassPath\n\nType: `String`  \nDefault: `sass`\n\nThe directory where the sass stylesheets are kept. It is relative to the `projectPath`.\n\n#### imagesPath\n\nType: `String`  \nDefault: `images`\n\nThe directory where the images are kept. It is relative to the projectPath.\n\n#### httpImagesPath\n\nType: `String`  \nDefault: `httpPath + "/" + imagesDir`\n\nThe full http path to images on the web server.\n\n#### generatedImagesDir\n\nType: `String`  \nDefault: value of `imagesDir`\n\nThe directory where generated images are kept. It is relative to the `projectPath`.\n\n#### generatedImagesPath\n\nType: `String`  \nDefault: value of `projectPath/generatedImagesDir`\n\nThe full path to where generated images are kept.\n\n#### httpGeneratedImagesPath\n\nType: `String`  \nDefault: `httpPath + "/" + generatedImagesDir`\n\nThe full http path to generated images on the web server.\n\n#### spriteLoadPath\n\nType: `String|Array`  \nDefault: value of `imagesPath`\n\nAdd additional locations to look for sprites. The imagesPath is always the last entry in this list.\n\n#### javascriptsPath\n\nType: `String`  \nDefault: `projectPath/javascriptsDir`\n\nThe full path to where javascripts are kept.\n\n#### httpJavascriptsPath\n\nType: `String`  \nDefault: `httpPath + "/" + javascriptsDir`\n\nThe full http path to javascripts on the web server.\n\n#### fontsPath\n\nType: `String`  \nDefault: `projectPath/fontsDir`\n\nThe full path to where font files are kept.\n\n#### httpFontsPath\n\nType: `String`\n\nThe full http path to font files on the web server.\n\n#### httpFontsDir\n\nType: `String`\n\nThe relative http path to font files on the web server.\n\n#### extensionsPath\n\nType: `String`  \nDefault: `project_root/extensions`\n\nThe full http path to the ad-hoc extensions folder on the web server. This is used to access compass plugins that have been installed directly to the project (e.g. through [Bower](https://github.com/bower/bower)) instead of globally as gems. *Only Compass >=0.12.2*\n\n#### extensionsDir\n\nType: `String`\n\nThe relative http path to the ad-hoc extensions folder on the web server. *Only Compass >=0.12.2*\n\n#### assetCacheBuster\n\nType: `Boolean`  \nDefault: `true`\n\nIf set to `false`, this disables the default asset cache buster.\n\n#### cacheDir\n\nType: `String`  \nDefault: `.sass-cache`\n\nThe relative path to the folder where the sass cache files are generated.\n\n#### require\n\nType: `String|Array`\n\nRequire the given Ruby library before running commands. This is used to access Compass plugins without having a project configuration file.\n\n#### load\n\nType: `String|Array`\n\nLoad the framework or extensions found in the specified directory.\n\n#### loadAll\n\nType: `String|Array`\n\nLoad all the frameworks or extensions found in the specified directory.\n\n#### importPath\n\nType: `String|Array`\n\nMakes files under the specified folder findable by Sass\'s @import directive.\n\n#### debugInfo\n\nType: `Boolean`\n\nCauses the line number and file where a selector is defined to be emitted into the compiled CSS in a format that can be understood by the browser. Automatically disabled when using `outputStyle: \'compressed\'`.\n\n#### quiet\n\nType: `Boolean`\n\nQuiet mode.\n\n#### trace\n\nType: `Boolean`\n\nShow a full stacktrace on error.\n\n#### force\n\nType: `Boolean`\n\nAllows Compass to overwrite existing files.\n\n#### dryRun\n\nType: `Boolean`\n\nDry Run. Tells you what it plans to do.\n\n#### boring\n\nType: `Boolean`\n\nTurn off colorized output.\n\n#### bundleExec\n\nType: `Boolean`\n\nRun `compass compile` with [bundle exec](http://gembundler.com/v1.3/man/bundle-exec.1.html): `bundle exec compass compile`.\n\n#### clean\n\nType: `Boolean`\n\nRemove generated files and the sass cache. Runs `compass clean` instead of `compass compile`.\n\n#### watch\n\nType: `Boolean`\n\nRuns `compass watch` instead of `compass compile`. This will use Compass\' native watch command to listen for changes to Sass files and recompile your CSS on changes. While much faster than running `compass compile` each time you want to compile your Sass, Compass becomes a blocking task. This means that if you would like to use it in conjunction with another blocking task, such as `watch`, you will need to use it in conjunction with a paralleling task such as [grunt-concurrent](https://github.com/sindresorhus/grunt-concurrent).\n\n\n[config]: http://compass-style.org/help/tutorials/configuration-reference/\n\n### Usage Examples\n\n#### Example config\n\n```javascript\ngrunt.initConfig({\n  compass: {                  // Task\n    dist: {                   // Target\n      options: {              // Target options\n        sassDir: \'sass\',\n        cssDir: \'css\',\n        environment: \'production\'\n      }\n    },\n    dev: {                    // Another target\n      options: {\n        sassDir: \'sass\',\n        cssDir: \'css\'\n      }\n    }\n  }\n});\n\ngrunt.loadNpmTasks(\'grunt-contrib-compass\');\n\ngrunt.registerTask(\'default\', [\'jshint\', \'compass\']);\n```\n\n\n#### Example usage\n\n\n##### Use external config file\n\n```javascript\ngrunt.initConfig({\n  compass: {\n    dist: {\n      options: {\n        config: \'config/config.rb\'\n      }\n    }\n  }\n});\n```\n\n##### Override setting in external config file\n\n```javascript\ngrunt.initConfig({\n  compass: {\n    dist: {\n      options: {\n        config: \'config/config.rb\',  // css_dir = \'dev/css\'\n        cssDir: \'dist/css\'\n      }\n    }\n  }\n});\n```\n\n##### Use `raw` option\n\n```javascript\ngrunt.initConfig({\n  compass: {\n    dist: {\n      options: {\n        sassDir: \'sass\',\n        cssDir: \'css\',\n        raw: \'preferred_syntax = :sass\\n\' // Use `raw` since it\'s not directly available\n      }\n    }\n  }\n});\n```\n\n\n## Release History\n\n * 2014-09-08   v1.0.1   Use compass long flag for `importPath`\n * 2014-09-05   v1.0.0   Fix `bundleExec` option on Windows.\n * 2014-07-31   v0.9.1   Fixes npm peerDependency warnings.\n * 2014-06-24   v0.9.0   Add Compass version check to ensure only a supported version is used.\n * 2014-05-16   v0.8.0   Add `spriteLoadPath` option.\n * 2014-02-09   v0.7.2   Improve compatibility with Compass 0.13.\n * 2014-01-26   v0.7.1   Fix `assetCacheBuster` option.\n * 2013-12-07   v0.7.0   Add `cacheDir` option.\n * 2013-10-04   v0.6.0   Add `watch` option. Fix Compass errors not propagating.\n * 2013-08-08   v0.5.0   Add `assetCacheBuster` option.\n * 2013-07-28   v0.4.1   Fix `banner` option with `.css.scss` files.\n * 2013-07-19   v0.4.0   Add `banner` option. Show compilation time.\n * 2013-06-24   v0.3.0   Add `extensionDir` and `extensionPath` options. *Requires Compass >=0.12.2*.\n * 2013-04-11   v0.2.0   Add `clean` option. Expose `raw` options as Grunt options. Fix detection of `Nothing to compile` situation.\n * 2013-02-27   v0.1.3   Fixes bundleExec.\n * 2013-02-17   v0.1.2   Ensure Gruntfile.js is included on npm.\n * 2013-02-15   v0.1.1   First official release for Grunt 0.4.0.\n * 2013-02-05   v0.1.1rc8   Added new options: basePath specify, debugInfo.\n * 2013-01-25   v0.1.1rc7   Updating grunt/gruntplugin dependencies to rc7. Changing in-development grunt/gruntplugin dependency versions from tilde version ranges to specific versions.\n * 2013-01-10   v0.1.1rc5   Updating to work with grunt v0.4.0rc5.\n * 2012-10-22   v0.1.0   Initial release\n\n---\n\nTask submitted by [Sindre Sorhus](http://github.com/sindresorhus)\n\n*This file was generated on Mon Sep 08 2014 00:40:29.*\n',
118 silly resolved     readmeFilename: 'README.md',
118 silly resolved     _id: 'grunt-contrib-compass@1.0.1',
118 silly resolved     dist: { shasum: 'd3429cdb6ff6fc6eac0f36f1ca14c2549da0f034' },
118 silly resolved     _from: 'grunt-contrib-compass@',
118 silly resolved     _resolved: 'https://registry.npmjs.org/grunt-contrib-compass/-/grunt-contrib-compass-1.0.1.tgz' } ]
119 info install grunt-contrib-compass@1.0.1 into /Users/lks/Documents/Code/Javascript/PhasematchJS
120 info installOne grunt-contrib-compass@1.0.1
121 verbose from cache /Users/lks/.npm/grunt-contrib-compass/1.0.1/package/package.json
122 info /Users/lks/Documents/Code/Javascript/PhasematchJS/node_modules/grunt-contrib-compass unbuild
123 verbose from cache /Users/lks/Documents/Code/Javascript/PhasematchJS/node_modules/grunt-contrib-compass/package.json
124 info preuninstall grunt-contrib-compass@0.2.0
125 info uninstall grunt-contrib-compass@0.2.0
126 verbose true,/Users/lks/Documents/Code/Javascript/PhasematchJS/node_modules,/Users/lks/Documents/Code/Javascript/PhasematchJS/node_modules unbuild grunt-contrib-compass@0.2.0
127 info postuninstall grunt-contrib-compass@0.2.0
128 verbose tar unpack /Users/lks/.npm/grunt-contrib-compass/1.0.1/package.tgz
129 silly lockFile 64b70650-de-modules-grunt-contrib-compass /Users/lks/Documents/Code/Javascript/PhasematchJS/node_modules/grunt-contrib-compass
130 verbose lock /Users/lks/Documents/Code/Javascript/PhasematchJS/node_modules/grunt-contrib-compass /Users/lks/.npm/64b70650-de-modules-grunt-contrib-compass.lock
131 silly lockFile fdd91195-ontrib-compass-1-0-1-package-tgz /Users/lks/.npm/grunt-contrib-compass/1.0.1/package.tgz
132 verbose lock /Users/lks/.npm/grunt-contrib-compass/1.0.1/package.tgz /Users/lks/.npm/fdd91195-ontrib-compass-1-0-1-package-tgz.lock
133 silly gunzTarPerm modes [ '755', '644' ]
134 silly gunzTarPerm extractEntry package.json
135 silly gunzTarPerm extractEntry README.md
136 silly gunzTarPerm extractEntry LICENSE-MIT
137 silly gunzTarPerm extractEntry tasks/compass.js
138 silly gunzTarPerm extractEntry tasks/lib/compass.js
139 verbose read json /Users/lks/Documents/Code/Javascript/PhasematchJS/node_modules/grunt-contrib-compass/package.json
140 silly lockFile 64b70650-de-modules-grunt-contrib-compass /Users/lks/Documents/Code/Javascript/PhasematchJS/node_modules/grunt-contrib-compass
141 silly lockFile 64b70650-de-modules-grunt-contrib-compass /Users/lks/Documents/Code/Javascript/PhasematchJS/node_modules/grunt-contrib-compass
142 silly lockFile fdd91195-ontrib-compass-1-0-1-package-tgz /Users/lks/.npm/grunt-contrib-compass/1.0.1/package.tgz
143 silly lockFile fdd91195-ontrib-compass-1-0-1-package-tgz /Users/lks/.npm/grunt-contrib-compass/1.0.1/package.tgz
144 info preinstall grunt-contrib-compass@1.0.1
145 verbose from cache /Users/lks/Documents/Code/Javascript/PhasematchJS/node_modules/grunt-contrib-compass/package.json
146 verbose readDependencies using package.json deps
147 verbose from cache /Users/lks/Documents/Code/Javascript/PhasematchJS/node_modules/grunt-contrib-compass/package.json
148 verbose readDependencies using package.json deps
149 verbose cache add [ 'dargs@^2.0.3', null ]
150 verbose cache add name=undefined spec="dargs@^2.0.3" args=["dargs@^2.0.3",null]
151 verbose parsed url { protocol: null,
151 verbose parsed url   slashes: null,
151 verbose parsed url   auth: null,
151 verbose parsed url   host: null,
151 verbose parsed url   port: null,
151 verbose parsed url   hostname: null,
151 verbose parsed url   hash: null,
151 verbose parsed url   search: null,
151 verbose parsed url   query: null,
151 verbose parsed url   pathname: 'dargs@^2.0.3',
151 verbose parsed url   path: 'dargs@^2.0.3',
151 verbose parsed url   href: 'dargs@^2.0.3' }
152 verbose cache add name="dargs" spec="^2.0.3" args=["dargs","^2.0.3"]
153 verbose parsed url { protocol: null,
153 verbose parsed url   slashes: null,
153 verbose parsed url   auth: null,
153 verbose parsed url   host: null,
153 verbose parsed url   port: null,
153 verbose parsed url   hostname: null,
153 verbose parsed url   hash: null,
153 verbose parsed url   search: null,
153 verbose parsed url   query: null,
153 verbose parsed url   pathname: '^2.0.3',
153 verbose parsed url   path: '^2.0.3',
153 verbose parsed url   href: '^2.0.3' }
154 verbose addNamed [ 'dargs', '^2.0.3' ]
155 verbose addNamed [ null, null ]
156 silly lockFile 071ba9cd-dargs-2-0-3 dargs@^2.0.3
157 verbose lock dargs@^2.0.3 /Users/lks/.npm/071ba9cd-dargs-2-0-3.lock
158 verbose cache add [ 'async@^0.9.0', null ]
159 verbose cache add name=undefined spec="async@^0.9.0" args=["async@^0.9.0",null]
160 verbose parsed url { protocol: null,
160 verbose parsed url   slashes: null,
160 verbose parsed url   auth: null,
160 verbose parsed url   host: null,
160 verbose parsed url   port: null,
160 verbose parsed url   hostname: null,
160 verbose parsed url   hash: null,
160 verbose parsed url   search: null,
160 verbose parsed url   query: null,
160 verbose parsed url   pathname: 'async@^0.9.0',
160 verbose parsed url   path: 'async@^0.9.0',
160 verbose parsed url   href: 'async@^0.9.0' }
161 verbose cache add name="async" spec="^0.9.0" args=["async","^0.9.0"]
162 verbose parsed url { protocol: null,
162 verbose parsed url   slashes: null,
162 verbose parsed url   auth: null,
162 verbose parsed url   host: null,
162 verbose parsed url   port: null,
162 verbose parsed url   hostname: null,
162 verbose parsed url   hash: null,
162 verbose parsed url   search: null,
162 verbose parsed url   query: null,
162 verbose parsed url   pathname: '^0.9.0',
162 verbose parsed url   path: '^0.9.0',
162 verbose parsed url   href: '^0.9.0' }
163 verbose addNamed [ 'async', '^0.9.0' ]
164 verbose addNamed [ null, null ]
165 silly lockFile 7f39d2c2-async-0-9-0 async@^0.9.0
166 verbose lock async@^0.9.0 /Users/lks/.npm/7f39d2c2-async-0-9-0.lock
167 verbose cache add [ 'bin-version-check@^1.0.0', null ]
168 verbose cache add name=undefined spec="bin-version-check@^1.0.0" args=["bin-version-check@^1.0.0",null]
169 verbose parsed url { protocol: null,
169 verbose parsed url   slashes: null,
169 verbose parsed url   auth: null,
169 verbose parsed url   host: null,
169 verbose parsed url   port: null,
169 verbose parsed url   hostname: null,
169 verbose parsed url   hash: null,
169 verbose parsed url   search: null,
169 verbose parsed url   query: null,
169 verbose parsed url   pathname: 'bin-version-check@^1.0.0',
169 verbose parsed url   path: 'bin-version-check@^1.0.0',
169 verbose parsed url   href: 'bin-version-check@^1.0.0' }
170 verbose cache add name="bin-version-check" spec="^1.0.0" args=["bin-version-check","^1.0.0"]
171 verbose parsed url { protocol: null,
171 verbose parsed url   slashes: null,
171 verbose parsed url   auth: null,
171 verbose parsed url   host: null,
171 verbose parsed url   port: null,
171 verbose parsed url   hostname: null,
171 verbose parsed url   hash: null,
171 verbose parsed url   search: null,
171 verbose parsed url   query: null,
171 verbose parsed url   pathname: '^1.0.0',
171 verbose parsed url   path: '^1.0.0',
171 verbose parsed url   href: '^1.0.0' }
172 verbose addNamed [ 'bin-version-check', '^1.0.0' ]
173 verbose addNamed [ null, null ]
174 silly lockFile 872bc360-bin-version-check-1-0-0 bin-version-check@^1.0.0
175 verbose lock bin-version-check@^1.0.0 /Users/lks/.npm/872bc360-bin-version-check-1-0-0.lock
176 info addNameTag [ 'dargs', '^2.0.3' ]
177 info addNameTag [ 'async', '^0.9.0' ]
178 verbose cache add [ 'tmp@0.0.24', null ]
179 verbose cache add name=undefined spec="tmp@0.0.24" args=["tmp@0.0.24",null]
180 verbose parsed url { protocol: null,
180 verbose parsed url   slashes: null,
180 verbose parsed url   auth: null,
180 verbose parsed url   host: null,
180 verbose parsed url   port: null,
180 verbose parsed url   hostname: null,
180 verbose parsed url   hash: null,
180 verbose parsed url   search: null,
180 verbose parsed url   query: null,
180 verbose parsed url   pathname: 'tmp@0.0.24',
180 verbose parsed url   path: 'tmp@0.0.24',
180 verbose parsed url   href: 'tmp@0.0.24' }
181 verbose cache add name="tmp" spec="0.0.24" args=["tmp","0.0.24"]
182 verbose parsed url { protocol: null,
182 verbose parsed url   slashes: null,
182 verbose parsed url   auth: null,
182 verbose parsed url   host: null,
182 verbose parsed url   port: null,
182 verbose parsed url   hostname: null,
182 verbose parsed url   hash: null,
182 verbose parsed url   search: null,
182 verbose parsed url   query: null,
182 verbose parsed url   pathname: '0.0.24',
182 verbose parsed url   path: '0.0.24',
182 verbose parsed url   href: '0.0.24' }
183 verbose addNamed [ 'tmp', '0.0.24' ]
184 verbose addNamed [ '0.0.24', '0.0.24' ]
185 silly lockFile 386a10cd-tmp-0-0-24 tmp@0.0.24
186 verbose lock tmp@0.0.24 /Users/lks/.npm/386a10cd-tmp-0-0-24.lock
187 info addNameTag [ 'bin-version-check', '^1.0.0' ]
188 verbose url raw tmp/0.0.24
189 verbose url resolving [ 'https://registry.npmjs.org/', './tmp/0.0.24' ]
190 verbose url resolved https://registry.npmjs.org/tmp/0.0.24
191 info trying registry request attempt 1 at 11:34:59
192 http GET https://registry.npmjs.org/tmp/0.0.24
193 verbose url raw dargs
194 verbose url resolving [ 'https://registry.npmjs.org/', './dargs' ]
195 verbose url resolved https://registry.npmjs.org/dargs
196 info trying registry request attempt 1 at 11:34:59
197 verbose etag "3E17WXH4Y5HDOWNF76UR5TT01"
198 http GET https://registry.npmjs.org/dargs
199 verbose url raw bin-version-check
200 verbose url resolving [ 'https://registry.npmjs.org/', './bin-version-check' ]
201 verbose url resolved https://registry.npmjs.org/bin-version-check
202 info trying registry request attempt 1 at 11:34:59
203 verbose etag "BQBO3M352YZL0KFMTLS8334WO"
204 http GET https://registry.npmjs.org/bin-version-check
205 verbose url raw async
206 verbose url resolving [ 'https://registry.npmjs.org/', './async' ]
207 verbose url resolved https://registry.npmjs.org/async
208 info trying registry request attempt 1 at 11:35:00
209 verbose etag "BGGAYYN2GBI559Y3GQ0U7UCZM"
210 http GET https://registry.npmjs.org/async
211 http 200 https://registry.npmjs.org/bin-version-check
212 silly registry.get cb [ 200,
212 silly registry.get   { date: 'Tue, 30 Dec 2014 18:34:59 GMT',
212 silly registry.get     server: 'CouchDB/1.5.0 (Erlang OTP/R14B04)',
212 silly registry.get     etag: '"8ICEAKR664WZ20SMVN7SH75YU"',
212 silly registry.get     'content-type': 'application/json',
212 silly registry.get     'cache-control': 'max-age=60',
212 silly registry.get     'content-length': '7646',
212 silly registry.get     'accept-ranges': 'bytes',
212 silly registry.get     via: '1.1 varnish',
212 silly registry.get     age: '22',
212 silly registry.get     'x-served-by': 'cache-atl6233-ATL',
212 silly registry.get     'x-cache': 'HIT',
212 silly registry.get     'x-cache-hits': '2',
212 silly registry.get     'x-timer': 'S1419964499.879722,VS0,VE0',
212 silly registry.get     vary: 'Accept',
212 silly registry.get     'keep-alive': 'timeout=10, max=50',
212 silly registry.get     connection: 'Keep-Alive' } ]
213 http 200 https://registry.npmjs.org/dargs
214 silly registry.get cb [ 200,
214 silly registry.get   { date: 'Tue, 30 Dec 2014 18:34:59 GMT',
214 silly registry.get     server: 'CouchDB/1.5.0 (Erlang OTP/R16B03)',
214 silly registry.get     etag: '"CZJOQI7ZOQGP8LB4MBM3KL4NN"',
214 silly registry.get     'content-type': 'application/json',
214 silly registry.get     'cache-control': 'max-age=60',
214 silly registry.get     'content-length': '11621',
214 silly registry.get     'accept-ranges': 'bytes',
214 silly registry.get     via: '1.1 varnish',
214 silly registry.get     age: '37',
214 silly registry.get     'x-served-by': 'cache-atl6229-ATL',
214 silly registry.get     'x-cache': 'HIT',
214 silly registry.get     'x-cache-hits': '1',
214 silly registry.get     'x-timer': 'S1419964499.887560,VS0,VE0',
214 silly registry.get     vary: 'Accept',
214 silly registry.get     'keep-alive': 'timeout=10, max=50',
214 silly registry.get     connection: 'Keep-Alive' } ]
215 silly lockFile 872bc360-bin-version-check-1-0-0 bin-version-check@^1.0.0
216 silly lockFile 872bc360-bin-version-check-1-0-0 bin-version-check@^1.0.0
217 verbose about to build /Users/lks/Documents/Code/Javascript/PhasematchJS/node_modules/grunt-contrib-compass
218 info /Users/lks/Documents/Code/Javascript/PhasematchJS/node_modules/grunt-contrib-compass unbuild
219 verbose from cache /Users/lks/Documents/Code/Javascript/PhasematchJS/node_modules/grunt-contrib-compass/package.json
220 info preuninstall grunt-contrib-compass@1.0.1
221 info uninstall grunt-contrib-compass@1.0.1
222 verbose true,/Users/lks/Documents/Code/Javascript/PhasematchJS/node_modules,/Users/lks/Documents/Code/Javascript/PhasematchJS/node_modules unbuild grunt-contrib-compass@1.0.1
223 info postuninstall grunt-contrib-compass@1.0.1
224 silly lockFile 071ba9cd-dargs-2-0-3 dargs@^2.0.3
225 silly lockFile 071ba9cd-dargs-2-0-3 dargs@^2.0.3
226 error Error: No compatible version found: bin-version-check@'^1.0.0'
226 error Valid install targets:
226 error ["0.1.0","1.0.0","2.0.0","2.1.0"]
226 error     at installTargetsError (/usr/local/Cellar/node/0.10.5/lib/node_modules/npm/lib/cache.js:685:10)
226 error     at /usr/local/Cellar/node/0.10.5/lib/node_modules/npm/lib/cache.js:607:10
226 error     at saved (/usr/local/Cellar/node/0.10.5/lib/node_modules/npm/node_modules/npm-registry-client/lib/get.js:138:7)
226 error     at Object.oncomplete (fs.js:107:15)
227 error If you need help, you may report this log at:
227 error     <http://github.com/isaacs/npm/issues>
227 error or email it to:
227 error     <npm-@googlegroups.com>
228 error System Darwin 13.4.0
229 error command "node" "/usr/local/bin/npm" "install" "grunt-contrib-compass" "--save-dev"
230 error cwd /Users/lks/Documents/Code/Javascript/PhasematchJS/browser/library/styles
231 error node -v v0.10.5
232 error npm -v 1.2.18
233 verbose exit [ 1, true ]
